<?xml version="1.0" encoding="UTF-8"?>
<!-- Generated by org.testng.reporters.JUnitXMLReporter -->
<testsuite ignored="0" hostname="HDC2-L-CQGPFW2" failures="0" tests="2" name="Error Validations Test" time="91.661" errors="0" timestamp="2024-08-22T12:49:50 IST">
  <testcase classname="shivaniankam.tests.ErrorValidationsTest" name="LoginErrorValidation" time="7.222"/>
  <testcase classname="shivaniankam.tests.ErrorValidationsTest" name="ProductErrorValidation" time="17.078"/>
</testsuite> <!-- Error Validations Test -->
