<?xml version="1.0" encoding="UTF-8"?>
<testng-results ignored="0" total="5" passed="2" failed="2" skipped="1">
  <reporter-output>
  </reporter-output>
  <suite started-at="2024-08-22T12:48:18 IST" name="Suite" finished-at="2024-08-22T12:49:51 IST" duration-ms="93538">
    <groups>
      <group name="ErrorHandlings">
        <method signature="ErrorValidationsTest.LoginErrorValidation()[pri:0, instance:shivaniankam.tests.ErrorValidationsTest@24c1b2d2]" name="LoginErrorValidation" class="shivaniankam.tests.ErrorValidationsTest"/>
      </group> <!-- ErrorHandlings -->
      <group name="Purchases">
        <method signature="SubmitOrderTest.submitOrder(java.util.HashMap)[pri:0, instance:shivaniankam.tests.SubmitOrderTest@5a59ca5e]" name="submitOrder" class="shivaniankam.tests.SubmitOrderTest"/>
      </group> <!-- Purchases -->
    </groups>
    <test started-at="2024-08-22T12:48:18 IST" name="Error Validations Test" finished-at="2024-08-22T12:49:49 IST" duration-ms="91661">
      <class name="shivaniankam.tests.ErrorValidationsTest">
        <test-method is-config="true" signature="launchApplication()[pri:0, instance:shivaniankam.tests.ErrorValidationsTest@24c1b2d2]" started-at="2024-08-22T12:48:18 IST" name="launchApplication" finished-at="2024-08-22T12:48:54 IST" duration-ms="35933" status="PASS">
          <reporter-output>
          </reporter-output>
        </test-method> <!-- launchApplication -->
        <test-method signature="LoginErrorValidation()[pri:0, instance:shivaniankam.tests.ErrorValidationsTest@24c1b2d2]" started-at="2024-08-22T12:48:54 IST" name="LoginErrorValidation" finished-at="2024-08-22T12:49:01 IST" duration-ms="7222" status="PASS">
          <reporter-output>
          </reporter-output>
        </test-method> <!-- LoginErrorValidation -->
        <test-method is-config="true" signature="closeWindow()[pri:0, instance:shivaniankam.tests.ErrorValidationsTest@24c1b2d2]" started-at="2024-08-22T12:49:01 IST" name="closeWindow" finished-at="2024-08-22T12:49:02 IST" duration-ms="1066" status="PASS">
          <reporter-output>
          </reporter-output>
        </test-method> <!-- closeWindow -->
        <test-method is-config="true" signature="launchApplication()[pri:0, instance:shivaniankam.tests.ErrorValidationsTest@24c1b2d2]" started-at="2024-08-22T12:49:02 IST" name="launchApplication" finished-at="2024-08-22T12:49:27 IST" duration-ms="25515" status="PASS">
          <reporter-output>
          </reporter-output>
        </test-method> <!-- launchApplication -->
        <test-method signature="ProductErrorValidation()[pri:0, instance:shivaniankam.tests.ErrorValidationsTest@24c1b2d2]" started-at="2024-08-22T12:49:27 IST" name="ProductErrorValidation" finished-at="2024-08-22T12:49:45 IST" duration-ms="17078" status="PASS">
          <reporter-output>
          </reporter-output>
        </test-method> <!-- ProductErrorValidation -->
        <test-method is-config="true" signature="closeWindow()[pri:0, instance:shivaniankam.tests.ErrorValidationsTest@24c1b2d2]" started-at="2024-08-22T12:49:45 IST" name="closeWindow" finished-at="2024-08-22T12:49:49 IST" duration-ms="4732" status="PASS">
          <reporter-output>
          </reporter-output>
        </test-method> <!-- closeWindow -->
      </class> <!-- shivaniankam.tests.ErrorValidationsTest -->
    </test> <!-- Error Validations Test -->
    <test started-at="2024-08-22T12:48:18 IST" name="Submit Order Test" finished-at="2024-08-22T12:49:51 IST" duration-ms="93538">
      <class name="shivaniankam.tests.SubmitOrderTest">
        <test-method is-config="true" signature="launchApplication()[pri:0, instance:shivaniankam.tests.SubmitOrderTest@5a59ca5e]" started-at="2024-08-22T12:48:18 IST" name="launchApplication" finished-at="2024-08-22T12:48:53 IST" duration-ms="35037" status="PASS">
          <reporter-output>
          </reporter-output>
        </test-method> <!-- launchApplication -->
        <test-method signature="submitOrder(java.util.HashMap)[pri:0, instance:shivaniankam.tests.SubmitOrderTest@5a59ca5e]" started-at="2024-08-22T12:48:53 IST" name="submitOrder" data-provider="getData" finished-at="2024-08-22T12:49:18 IST" duration-ms="25008" status="FAIL">
          <params>
            <param index="0">
              <value>
                <![CDATA[{password=shvAnk10, email=shvank@gmail.com, productName=ZARA COAT 3}]]>
              </value>
            </param>
          </params>
          <exception class="java.lang.Error">
            <message>
              <![CDATA[Unresolved compilation problem: 
The field CheckoutPage.submit is not visible
]]>
            </message>
            <full-stacktrace>
              <![CDATA[java.lang.Error: Unresolved compilation problem: 
The field CheckoutPage.submit is not visible

at shivaniankam.pageobjects.ConfirmationPage.getConfirmMessage(ConfirmationPage.java:28)
at shivaniankam.tests.SubmitOrderTest.submitOrder(SubmitOrderTest.java:57)
at java.base/jdk.internal.reflect.DirectMethodHandleAccessor.invoke(DirectMethodHandleAccessor.java:103)
at java.base/java.lang.reflect.Method.invoke(Method.java:580)
at org.testng.internal.invokers.MethodInvocationHelper.invokeMethod(MethodInvocationHelper.java:141)
at org.testng.internal.invokers.TestInvoker.invokeMethod(TestInvoker.java:686)
at org.testng.internal.invokers.TestInvoker.invokeTestMethod(TestInvoker.java:230)
at org.testng.internal.invokers.MethodRunner.runInSequence(MethodRunner.java:63)
at org.testng.internal.invokers.TestInvoker$MethodInvocationAgent.invoke(TestInvoker.java:992)
at org.testng.internal.invokers.TestInvoker.invokeTestMethods(TestInvoker.java:203)
at org.testng.internal.invokers.TestMethodWorker.invokeTestMethods(TestMethodWorker.java:154)
at org.testng.internal.invokers.TestMethodWorker.run(TestMethodWorker.java:134)
at java.base/java.util.ArrayList.forEach(ArrayList.java:1596)
at org.testng.TestRunner.privateRun(TestRunner.java:739)
at org.testng.TestRunner.run(TestRunner.java:614)
at org.testng.SuiteRunner.runTest(SuiteRunner.java:421)
at org.testng.SuiteRunner$SuiteWorker.run(SuiteRunner.java:463)
at org.testng.internal.thread.ThreadUtil.lambda$execute$0(ThreadUtil.java:64)
at java.base/java.util.concurrent.FutureTask.run(FutureTask.java:317)
at java.base/java.util.concurrent.ThreadPoolExecutor.runWorker(ThreadPoolExecutor.java:1144)
at java.base/java.util.concurrent.ThreadPoolExecutor$Worker.run(ThreadPoolExecutor.java:642)
at java.base/java.lang.Thread.run(Thread.java:1583)
]]>
            </full-stacktrace>
          </exception> <!-- java.lang.Error -->
          <reporter-output>
          </reporter-output>
        </test-method> <!-- submitOrder -->
        <test-method is-config="true" signature="closeWindow()[pri:0, instance:shivaniankam.tests.SubmitOrderTest@5a59ca5e]" started-at="2024-08-22T12:49:19 IST" name="closeWindow" finished-at="2024-08-22T12:49:20 IST" duration-ms="1623" status="PASS">
          <reporter-output>
          </reporter-output>
        </test-method> <!-- closeWindow -->
        <test-method is-config="true" signature="launchApplication()[pri:0, instance:shivaniankam.tests.SubmitOrderTest@5a59ca5e]" started-at="2024-08-22T12:49:21 IST" name="launchApplication" finished-at="2024-08-22T12:49:42 IST" duration-ms="21980" status="PASS">
          <reporter-output>
          </reporter-output>
        </test-method> <!-- launchApplication -->
        <test-method signature="submitOrder(java.util.HashMap)[pri:0, instance:shivaniankam.tests.SubmitOrderTest@5a59ca5e]" started-at="2024-08-22T12:49:42 IST" name="submitOrder" data-provider="getData" finished-at="2024-08-22T12:49:50 IST" duration-ms="7886" status="FAIL">
          <params>
            <param index="0">
              <value>
                <![CDATA[{password=shvAnk10, email=vanishv@gmail.com, productName=IPHONE 13 PRO}]]>
              </value>
            </param>
          </params>
          <exception class="org.openqa.selenium.TimeoutException">
            <message>
              <![CDATA[Expected condition failed: waiting for invisibility of [[ChromeDriver: chrome on windows (fc81fffa8d516612bec7eaa907d89c81)] -> css selector: .ng-animating] (tried for 2 second(s) with 500 milliseconds interval)
Build info: version: '4.22.0', revision: 'c5f3146703*'
System info: os.name: 'Windows 11', os.arch: 'amd64', os.version: '10.0', java.version: '21.0.2'
Driver info: org.openqa.selenium.chrome.ChromeDriver
Capabilities {acceptInsecureCerts: false, browserName: chrome, browserVersion: 127.0.6533.120, chrome: {chromedriverVersion: 127.0.6533.119 (bdef6783a05..., userDataDir: C:\Users\SHIVAN~1.ANK\AppDa...}, fedcm:accounts: true, goog:chromeOptions: {debuggerAddress: localhost:60485}, networkConnectionEnabled: false, pageLoadStrategy: normal, platformName: windows, proxy: Proxy(), se:cdp: ws://localhost:60485/devtoo..., se:cdpVersion: 127.0.6533.120, setWindowRect: true, strictFileInteractability: false, timeouts: {implicit: 0, pageLoad: 300000, script: 30000}, unhandledPromptBehavior: dismiss and notify, webauthn:extension:credBlob: true, webauthn:extension:largeBlob: true, webauthn:extension:minPinLength: true, webauthn:extension:prf: true, webauthn:virtualAuthenticators: true}
Session ID: fc81fffa8d516612bec7eaa907d89c81]]>
            </message>
            <full-stacktrace>
              <![CDATA[org.openqa.selenium.TimeoutException: Expected condition failed: waiting for invisibility of [[ChromeDriver: chrome on windows (fc81fffa8d516612bec7eaa907d89c81)] -> css selector: .ng-animating] (tried for 2 second(s) with 500 milliseconds interval)
Build info: version: '4.22.0', revision: 'c5f3146703*'
System info: os.name: 'Windows 11', os.arch: 'amd64', os.version: '10.0', java.version: '21.0.2'
Driver info: org.openqa.selenium.chrome.ChromeDriver
Capabilities {acceptInsecureCerts: false, browserName: chrome, browserVersion: 127.0.6533.120, chrome: {chromedriverVersion: 127.0.6533.119 (bdef6783a05..., userDataDir: C:\Users\SHIVAN~1.ANK\AppDa...}, fedcm:accounts: true, goog:chromeOptions: {debuggerAddress: localhost:60485}, networkConnectionEnabled: false, pageLoadStrategy: normal, platformName: windows, proxy: Proxy(), se:cdp: ws://localhost:60485/devtoo..., se:cdpVersion: 127.0.6533.120, setWindowRect: true, strictFileInteractability: false, timeouts: {implicit: 0, pageLoad: 300000, script: 30000}, unhandledPromptBehavior: dismiss and notify, webauthn:extension:credBlob: true, webauthn:extension:largeBlob: true, webauthn:extension:minPinLength: true, webauthn:extension:prf: true, webauthn:virtualAuthenticators: true}
Session ID: fc81fffa8d516612bec7eaa907d89c81
at org.openqa.selenium.support.ui.WebDriverWait.timeoutException(WebDriverWait.java:84)
at org.openqa.selenium.support.ui.FluentWait.until(FluentWait.java:228)
at shivaniankam.AbstractComponents.AbstractComponent.waitForElementToDisappear(AbstractComponent.java:56)
at shivaniankam.pageobjects.ProductCatalog.addProductToCart(ProductCatalog.java:54)
at shivaniankam.tests.SubmitOrderTest.submitOrder(SubmitOrderTest.java:49)
at java.base/jdk.internal.reflect.DirectMethodHandleAccessor.invoke(DirectMethodHandleAccessor.java:103)
at java.base/java.lang.reflect.Method.invoke(Method.java:580)
at org.testng.internal.invokers.MethodInvocationHelper.invokeMethod(MethodInvocationHelper.java:141)
at org.testng.internal.invokers.TestInvoker.invokeMethod(TestInvoker.java:686)
at org.testng.internal.invokers.TestInvoker.invokeTestMethod(TestInvoker.java:230)
at org.testng.internal.invokers.MethodRunner.runInSequence(MethodRunner.java:63)
at org.testng.internal.invokers.TestInvoker$MethodInvocationAgent.invoke(TestInvoker.java:992)
at org.testng.internal.invokers.TestInvoker.invokeTestMethods(TestInvoker.java:203)
at org.testng.internal.invokers.TestMethodWorker.invokeTestMethods(TestMethodWorker.java:154)
at org.testng.internal.invokers.TestMethodWorker.run(TestMethodWorker.java:134)
at java.base/java.util.ArrayList.forEach(ArrayList.java:1596)
at org.testng.TestRunner.privateRun(TestRunner.java:739)
at org.testng.TestRunner.run(TestRunner.java:614)
at org.testng.SuiteRunner.runTest(SuiteRunner.java:421)
at org.testng.SuiteRunner$SuiteWorker.run(SuiteRunner.java:463)
at org.testng.internal.thread.ThreadUtil.lambda$execute$0(ThreadUtil.java:64)
at java.base/java.util.concurrent.FutureTask.run(FutureTask.java:317)
at java.base/java.util.concurrent.ThreadPoolExecutor.runWorker(ThreadPoolExecutor.java:1144)
at java.base/java.util.concurrent.ThreadPoolExecutor$Worker.run(ThreadPoolExecutor.java:642)
at java.base/java.lang.Thread.run(Thread.java:1583)
]]>
            </full-stacktrace>
          </exception> <!-- org.openqa.selenium.TimeoutException -->
          <reporter-output>
          </reporter-output>
        </test-method> <!-- submitOrder -->
        <test-method is-config="true" signature="closeWindow()[pri:0, instance:shivaniankam.tests.SubmitOrderTest@5a59ca5e]" started-at="2024-08-22T12:49:51 IST" name="closeWindow" finished-at="2024-08-22T12:49:51 IST" duration-ms="271" status="PASS">
          <reporter-output>
          </reporter-output>
        </test-method> <!-- closeWindow -->
        <test-method signature="OrderHistoryTest()[pri:0, instance:shivaniankam.tests.SubmitOrderTest@5a59ca5e]" started-at="2024-08-22T12:49:51 IST" name="OrderHistoryTest" finished-at="2024-08-22T12:49:51 IST" depends-on-methods="shivaniankam.tests.SubmitOrderTest.submitOrder" duration-ms="0" status="SKIP">
          <exception class="java.lang.Throwable">
            <message>
              <![CDATA[Method shivaniankam.tests.SubmitOrderTest.OrderHistoryTest() on instance shivaniankam.tests.SubmitOrderTest@5a59ca5e depends on not successfully finished methods 
[shivaniankam.tests.SubmitOrderTest.submitOrder() on instance shivaniankam.tests.SubmitOrderTest@5a59ca5e]]]>
            </message>
            <full-stacktrace>
              <![CDATA[java.lang.Throwable: Method shivaniankam.tests.SubmitOrderTest.OrderHistoryTest() on instance shivaniankam.tests.SubmitOrderTest@5a59ca5e depends on not successfully finished methods 
[shivaniankam.tests.SubmitOrderTest.submitOrder() on instance shivaniankam.tests.SubmitOrderTest@5a59ca5e]
at org.testng.internal.invokers.TestInvoker.invokeTestMethods(TestInvoker.java:159)
at org.testng.internal.invokers.TestMethodWorker.invokeTestMethods(TestMethodWorker.java:154)
at org.testng.internal.invokers.TestMethodWorker.run(TestMethodWorker.java:134)
at java.base/java.util.ArrayList.forEach(ArrayList.java:1596)
at org.testng.TestRunner.privateRun(TestRunner.java:739)
at org.testng.TestRunner.run(TestRunner.java:614)
at org.testng.SuiteRunner.runTest(SuiteRunner.java:421)
at org.testng.SuiteRunner$SuiteWorker.run(SuiteRunner.java:463)
at org.testng.internal.thread.ThreadUtil.lambda$execute$0(ThreadUtil.java:64)
at java.base/java.util.concurrent.FutureTask.run(FutureTask.java:317)
at java.base/java.util.concurrent.ThreadPoolExecutor.runWorker(ThreadPoolExecutor.java:1144)
at java.base/java.util.concurrent.ThreadPoolExecutor$Worker.run(ThreadPoolExecutor.java:642)
at java.base/java.lang.Thread.run(Thread.java:1583)
]]>
            </full-stacktrace>
          </exception> <!-- java.lang.Throwable -->
          <reporter-output>
          </reporter-output>
        </test-method> <!-- OrderHistoryTest -->
      </class> <!-- shivaniankam.tests.SubmitOrderTest -->
    </test> <!-- Submit Order Test -->
  </suite> <!-- Suite -->
</testng-results>
