<?xml version="1.0" encoding="UTF-8"?>
<!-- Generated by org.testng.reporters.JUnitReportReporter -->
<testsuite hostname="HDC2-L-CQGPFW2" failures="0" tests="2" name="shivaniankam.tests.ErrorValidationsTest" time="91.546" errors="0" timestamp="2024-08-22T12:49:51 IST" skipped="0">
  <testcase classname="shivaniankam.tests.ErrorValidationsTest" name="ProductErrorValidation" time="54.077"/>
  <testcase classname="shivaniankam.tests.ErrorValidationsTest" name="LoginErrorValidation" time="37.469"/>
</testsuite> <!-- shivaniankam.tests.ErrorValidationsTest -->
